<?xml version="1.0" encoding="UTF-8"?>
<testng-results ignored="0" total="1" passed="1" failed="0" skipped="0">
  <reporter-output>
  </reporter-output>
  <suite started-at="2024-02-22T11:23:31 MEZ" name="Testing Telecommunication Provider" finished-at="2024-02-22T11:24:48 MEZ" duration-ms="76697">
    <groups>
    </groups>
    <test started-at="2024-02-22T11:23:31 MEZ" name="Smartphones" finished-at="2024-02-22T11:24:48 MEZ" duration-ms="76697">
      <class name="telecom.mobilfunk.SmartphoneTest">
        <test-method is-config="true" signature="setup()[pri:0, instance:telecom.mobilfunk.SmartphoneTest@a9c5b75]" started-at="2024-02-22T11:23:31 MEZ" name="setup" finished-at="2024-02-22T11:23:35 MEZ" duration-ms="3194" status="PASS">
          <reporter-output>
          </reporter-output>
        </test-method> <!-- setup -->
        <test-method is-config="true" signature="init()[pri:0, instance:telecom.mobilfunk.SmartphoneTest@a9c5b75]" started-at="2024-02-22T11:23:35 MEZ" name="init" finished-at="2024-02-22T11:23:35 MEZ" duration-ms="29" status="PASS">
          <reporter-output>
          </reporter-output>
        </test-method> <!-- init -->
        <test-method signature="test_smartphone_order_e2e(java.lang.String,java.lang.String,java.lang.String,java.lang.String,java.lang.String,java.lang.String,java.lang.String,java.lang.String,java.lang.String,java.lang.String,java.lang.String,java.lang.String,java.lang.String,java.lang.String,java.lang.String,java.lang.String,java.lang.String)[pri:0, instance:telecom.mobilfunk.SmartphoneTest@a9c5b75]" started-at="2024-02-22T11:23:35 MEZ" name="test_smartphone_order_e2e" description="Test e2e smartphone order process" finished-at="2024-02-22T11:24:48 MEZ" duration-ms="72819" status="PASS">
          <params>
            <param index="0">
              <value>
                <![CDATA[iPhone 13]]>
              </value>
            </param>
            <param index="1">
              <value>
                <![CDATA[Blau]]>
              </value>
            </param>
            <param index="2">
              <value>
                <![CDATA[128 GB]]>
              </value>
            </param>
            <param index="3">
              <value>
                <![CDATA[Luffy]]>
              </value>
            </param>
            <param index="4">
              <value>
                <![CDATA[D Monkey]]>
              </value>
            </param>
            <param index="5">
              <value>
                <![CDATA[80331]]>
              </value>
            </param>
            <param index="6">
              <value>
                <![CDATA[München]]>
              </value>
            </param>
            <param index="7">
              <value>
                <![CDATA[Münzstraße]]>
              </value>
            </param>
            <param index="8">
              <value>
                <![CDATA[5]]>
              </value>
            </param>
            <param index="9">
              <value>
                <![CDATA[21]]>
              </value>
            </param>
            <param index="10">
              <value>
                <![CDATA[07]]>
              </value>
            </param>
            <param index="11">
              <value>
                <![CDATA[1992]]>
              </value>
            </param>
            <param index="12">
              <value>
                <![CDATA[paulo.maldini457@gmail.com]]>
              </value>
            </param>
            <param index="13">
              <value>
                <![CDATA[01514144106]]>
              </value>
            </param>
            <param index="14">
              <value>
                <![CDATA[Ägypten]]>
              </value>
            </param>
            <param index="15">
              <value>
                <![CDATA[test1234]]>
              </value>
            </param>
            <param index="16">
              <value>
                <![CDATA[shop]]>
              </value>
            </param>
          </params>
          <reporter-output>
          </reporter-output>
        </test-method> <!-- test_smartphone_order_e2e -->
        <test-method is-config="true" signature="teardown()[pri:0, instance:telecom.mobilfunk.SmartphoneTest@a9c5b75]" started-at="2024-02-22T11:24:48 MEZ" name="teardown" finished-at="2024-02-22T11:24:48 MEZ" duration-ms="445" status="PASS">
          <reporter-output>
          </reporter-output>
        </test-method> <!-- teardown -->
      </class> <!-- telecom.mobilfunk.SmartphoneTest -->
    </test> <!-- Smartphones -->
  </suite> <!-- Testing Telecommunication Provider -->
</testng-results>
