<?xml version="1.0" encoding="UTF-8"?>
<testsuite xmlns:xsi="http://www.w3.org/2001/XMLSchema-instance" xsi:noNamespaceSchemaLocation="https://maven.apache.org/surefire/maven-surefire-plugin/xsd/surefire-test-report-3.0.xsd" version="3.0" name="TestSuite" time="78.945" tests="1" errors="0" skipped="0" failures="0">
  <properties>
[...]
</properties>
  <testcase name="test_smartphone_order_e2e[iPhone 13, Blau, 128 GB, Luffy, D Monkey, 80331, München, Münzstraße, 5, 21, 07, 1992, paulo.maldini457@gmail.com, 01514144106, Ägypten, test1234, shop](1)" classname="telecom.mobilfunk.SmartphoneTest" time="72.95"/>
</testsuite>