<?xml version="1.0" encoding="UTF-8"?>
<!-- Generated by org.testng.reporters.JUnitXMLReporter -->
<testsuite ignored="0" hostname="NPF136N1C" failures="1" tests="1" name="Smartphones" time="81.383" errors="0" timestamp="2022-12-31T21:13:51 EET">
  <testcase classname="telecom.mobilfunk.SmartphoneTest" name="test_smartphone_order_e2e" time="39.999">
    <failure type="java.lang.AssertionError" message="expected [true] but found [false]">
      <![CDATA[java.lang.AssertionError: expected [true] but found [false]
at telecom.mobilfunk.SmartphoneTest.test_smartphone_order_e2e(SmartphoneTest.java:45)
at java.base/java.util.ArrayList.forEach(ArrayList.java:1541)
... Removed 40 stack frames]]>
    </failure>
  </testcase> <!-- test_smartphone_order_e2e -->
</testsuite> <!-- Smartphones -->
